[11-Jul-2023 11:27:55 UTC] PHP Warning:  Attempt to read property "title" on null in /Users/quriousclick/Local Sites/hack-defence/app/public/wp-includes/class-wp-customize-widgets.php on line 905
[11-Jul-2023 11:36:10 UTC] PHP Warning:  Attempt to read property "title" on null in /Users/quriousclick/Local Sites/hack-defence/app/public/wp-includes/class-wp-customize-widgets.php on line 905
[17-Jul-2023 06:49:43 UTC] PHP Parse error:  syntax error, unexpected token "}" in /Users/quriousclick/Local Sites/hack-defence/app/public/wp-content/themes/hack-defence-theme/index.php on line 19
[17-Jul-2023 06:49:43 UTC] PHP Parse error:  syntax error, unexpected token "}" in /Users/quriousclick/Local Sites/hack-defence/app/public/wp-content/themes/hack-defence-theme/index.php on line 19
[17-Jul-2023 06:50:46 UTC] PHP Fatal error:  Uncaught Error: Call to undefined function dd() in /Users/quriousclick/Local Sites/hack-defence/app/public/wp-content/themes/hack-defence-theme/index.php:7
Stack trace:
#0 /Users/quriousclick/Local Sites/hack-defence/app/public/wp-includes/template-loader.php(106): include()
#1 /Users/quriousclick/Local Sites/hack-defence/app/public/wp-blog-header.php(19): require_once('/Users/quriousc...')
#2 /Users/quriousclick/Local Sites/hack-defence/app/public/index.php(17): require('/Users/quriousc...')
#3 {main}
  thrown in /Users/quriousclick/Local Sites/hack-defence/app/public/wp-content/themes/hack-defence-theme/index.php on line 7
[17-Jul-2023 06:50:47 UTC] PHP Fatal error:  Uncaught Error: Call to undefined function dd() in /Users/quriousclick/Local Sites/hack-defence/app/public/wp-content/themes/hack-defence-theme/index.php:7
Stack trace:
#0 /Users/quriousclick/Local Sites/hack-defence/app/public/wp-includes/template-loader.php(106): include()
#1 /Users/quriousclick/Local Sites/hack-defence/app/public/wp-blog-header.php(19): require_once('/Users/quriousc...')
#2 /Users/quriousclick/Local Sites/hack-defence/app/public/index.php(17): require('/Users/quriousc...')
#3 {main}
  thrown in /Users/quriousclick/Local Sites/hack-defence/app/public/wp-content/themes/hack-defence-theme/index.php on line 7
[17-Jul-2023 06:52:31 UTC] PHP Fatal error:  Uncaught Error: Call to undefined function dd() in /Users/quriousclick/Local Sites/hack-defence/app/public/wp-content/themes/hack-defence-theme/index.php:11
Stack trace:
#0 /Users/quriousclick/Local Sites/hack-defence/app/public/wp-includes/template-loader.php(106): include()
#1 /Users/quriousclick/Local Sites/hack-defence/app/public/wp-blog-header.php(19): require_once('/Users/quriousc...')
#2 /Users/quriousclick/Local Sites/hack-defence/app/public/index.php(17): require('/Users/quriousc...')
#3 {main}
  thrown in /Users/quriousclick/Local Sites/hack-defence/app/public/wp-content/themes/hack-defence-theme/index.php on line 11
[17-Jul-2023 07:48:23 UTC] PHP Fatal error:  Uncaught TypeError: call_user_func_array(): Argument #1 ($callback) must be a valid callback, function "hack_defence_files" not found or invalid function name in /Users/quriousclick/Local Sites/hack-defence/app/public/wp-includes/class-wp-hook.php:308
Stack trace:
#0 /Users/quriousclick/Local Sites/hack-defence/app/public/wp-includes/class-wp-hook.php(332): WP_Hook->apply_filters(NULL, Array)
#1 /Users/quriousclick/Local Sites/hack-defence/app/public/wp-includes/plugin.php(517): WP_Hook->do_action(Array)
#2 /Users/quriousclick/Local Sites/hack-defence/app/public/wp-includes/script-loader.php(2194): do_action('wp_enqueue_scri...')
#3 /Users/quriousclick/Local Sites/hack-defence/app/public/wp-includes/class-wp-hook.php(308): wp_enqueue_scripts('')
#4 /Users/quriousclick/Local Sites/hack-defence/app/public/wp-includes/class-wp-hook.php(332): WP_Hook->apply_filters(NULL, Array)
#5 /Users/quriousclick/Local Sites/hack-defence/app/public/wp-includes/plugin.php(517): WP_Hook->do_action(Array)
#6 /Users/quriousclick/Local Sites/hack-defence/app/public/wp-includes/general-template.php(3049): do_action('wp_head')
#7 /Users/quriousclick/Local Sites/hack-defence/app/public/wp-content/themes/hack-defence-theme/header.php(5): wp_head()
#8 /Users/quriousclick/Local Sites/hack-defence/app/public/wp-includes/template.php(783): require_once('/Users/quriousc...')
#9 /Users/quriousclick/Local Sites/hack-defence/app/public/wp-includes/template.php(718): load_template('/Users/quriousc...', true, Array)
#10 /Users/quriousclick/Local Sites/hack-defence/app/public/wp-includes/general-template.php(48): locate_template(Array, true, true, Array)
#11 /Users/quriousclick/Local Sites/hack-defence/app/public/wp-content/themes/hack-defence-theme/index.php(2): get_header()
#12 /Users/quriousclick/Local Sites/hack-defence/app/public/wp-includes/template-loader.php(106): include('/Users/quriousc...')
#13 /Users/quriousclick/Local Sites/hack-defence/app/public/wp-blog-header.php(19): require_once('/Users/quriousc...')
#14 /Users/quriousclick/Local Sites/hack-defence/app/public/index.php(17): require('/Users/quriousc...')
#15 {main}
  thrown in /Users/quriousclick/Local Sites/hack-defence/app/public/wp-includes/class-wp-hook.php on line 308
[17-Jul-2023 07:48:34 UTC] PHP Fatal error:  Uncaught TypeError: call_user_func_array(): Argument #1 ($callback) must be a valid callback, function "hack_defence_files" not found or invalid function name in /Users/quriousclick/Local Sites/hack-defence/app/public/wp-includes/class-wp-hook.php:308
Stack trace:
#0 /Users/quriousclick/Local Sites/hack-defence/app/public/wp-includes/class-wp-hook.php(332): WP_Hook->apply_filters(NULL, Array)
#1 /Users/quriousclick/Local Sites/hack-defence/app/public/wp-includes/plugin.php(517): WP_Hook->do_action(Array)
#2 /Users/quriousclick/Local Sites/hack-defence/app/public/wp-includes/script-loader.php(2194): do_action('wp_enqueue_scri...')
#3 /Users/quriousclick/Local Sites/hack-defence/app/public/wp-includes/class-wp-hook.php(308): wp_enqueue_scripts('')
#4 /Users/quriousclick/Local Sites/hack-defence/app/public/wp-includes/class-wp-hook.php(332): WP_Hook->apply_filters(NULL, Array)
#5 /Users/quriousclick/Local Sites/hack-defence/app/public/wp-includes/plugin.php(517): WP_Hook->do_action(Array)
#6 /Users/quriousclick/Local Sites/hack-defence/app/public/wp-includes/general-template.php(3049): do_action('wp_head')
#7 /Users/quriousclick/Local Sites/hack-defence/app/public/wp-content/themes/hack-defence-theme/header.php(5): wp_head()
#8 /Users/quriousclick/Local Sites/hack-defence/app/public/wp-includes/template.php(783): require_once('/Users/quriousc...')
#9 /Users/quriousclick/Local Sites/hack-defence/app/public/wp-includes/template.php(718): load_template('/Users/quriousc...', true, Array)
#10 /Users/quriousclick/Local Sites/hack-defence/app/public/wp-includes/general-template.php(48): locate_template(Array, true, true, Array)
#11 /Users/quriousclick/Local Sites/hack-defence/app/public/wp-content/themes/hack-defence-theme/single.php(3): get_header()
#12 /Users/quriousclick/Local Sites/hack-defence/app/public/wp-includes/template-loader.php(106): include('/Users/quriousc...')
#13 /Users/quriousclick/Local Sites/hack-defence/app/public/wp-blog-header.php(19): require_once('/Users/quriousc...')
#14 /Users/quriousclick/Local Sites/hack-defence/app/public/index.php(17): require('/Users/quriousc...')
#15 {main}
  thrown in /Users/quriousclick/Local Sites/hack-defence/app/public/wp-includes/class-wp-hook.php on line 308
[17-Jul-2023 07:49:44 UTC] PHP Fatal error:  Uncaught TypeError: call_user_func_array(): Argument #1 ($callback) must be a valid callback, function "hack_defence_files" not found or invalid function name in /Users/quriousclick/Local Sites/hack-defence/app/public/wp-includes/class-wp-hook.php:308
Stack trace:
#0 /Users/quriousclick/Local Sites/hack-defence/app/public/wp-includes/class-wp-hook.php(332): WP_Hook->apply_filters(NULL, Array)
#1 /Users/quriousclick/Local Sites/hack-defence/app/public/wp-includes/plugin.php(517): WP_Hook->do_action(Array)
#2 /Users/quriousclick/Local Sites/hack-defence/app/public/wp-includes/script-loader.php(2194): do_action('wp_enqueue_scri...')
#3 /Users/quriousclick/Local Sites/hack-defence/app/public/wp-includes/class-wp-hook.php(308): wp_enqueue_scripts('')
#4 /Users/quriousclick/Local Sites/hack-defence/app/public/wp-includes/class-wp-hook.php(332): WP_Hook->apply_filters(NULL, Array)
#5 /Users/quriousclick/Local Sites/hack-defence/app/public/wp-includes/plugin.php(517): WP_Hook->do_action(Array)
#6 /Users/quriousclick/Local Sites/hack-defence/app/public/wp-includes/general-template.php(3049): do_action('wp_head')
#7 /Users/quriousclick/Local Sites/hack-defence/app/public/wp-content/themes/hack-defence-theme/header.php(5): wp_head()
#8 /Users/quriousclick/Local Sites/hack-defence/app/public/wp-includes/template.php(783): require_once('/Users/quriousc...')
#9 /Users/quriousclick/Local Sites/hack-defence/app/public/wp-includes/template.php(718): load_template('/Users/quriousc...', true, Array)
#10 /Users/quriousclick/Local Sites/hack-defence/app/public/wp-includes/general-template.php(48): locate_template(Array, true, true, Array)
#11 /Users/quriousclick/Local Sites/hack-defence/app/public/wp-content/themes/hack-defence-theme/index.php(2): get_header()
#12 /Users/quriousclick/Local Sites/hack-defence/app/public/wp-includes/template-loader.php(106): include('/Users/quriousc...')
#13 /Users/quriousclick/Local Sites/hack-defence/app/public/wp-blog-header.php(19): require_once('/Users/quriousc...')
#14 /Users/quriousclick/Local Sites/hack-defence/app/public/index.php(17): require('/Users/quriousc...')
#15 {main}
  thrown in /Users/quriousclick/Local Sites/hack-defence/app/public/wp-includes/class-wp-hook.php on line 308
[17-Jul-2023 07:49:46 UTC] PHP Fatal error:  Uncaught TypeError: call_user_func_array(): Argument #1 ($callback) must be a valid callback, function "hack_defence_files" not found or invalid function name in /Users/quriousclick/Local Sites/hack-defence/app/public/wp-includes/class-wp-hook.php:308
Stack trace:
#0 /Users/quriousclick/Local Sites/hack-defence/app/public/wp-includes/class-wp-hook.php(332): WP_Hook->apply_filters(NULL, Array)
#1 /Users/quriousclick/Local Sites/hack-defence/app/public/wp-includes/plugin.php(517): WP_Hook->do_action(Array)
#2 /Users/quriousclick/Local Sites/hack-defence/app/public/wp-includes/script-loader.php(2194): do_action('wp_enqueue_scri...')
#3 /Users/quriousclick/Local Sites/hack-defence/app/public/wp-includes/class-wp-hook.php(308): wp_enqueue_scripts('')
#4 /Users/quriousclick/Local Sites/hack-defence/app/public/wp-includes/class-wp-hook.php(332): WP_Hook->apply_filters(NULL, Array)
#5 /Users/quriousclick/Local Sites/hack-defence/app/public/wp-includes/plugin.php(517): WP_Hook->do_action(Array)
#6 /Users/quriousclick/Local Sites/hack-defence/app/public/wp-includes/general-template.php(3049): do_action('wp_head')
#7 /Users/quriousclick/Local Sites/hack-defence/app/public/wp-content/themes/hack-defence-theme/header.php(5): wp_head()
#8 /Users/quriousclick/Local Sites/hack-defence/app/public/wp-includes/template.php(783): require_once('/Users/quriousc...')
#9 /Users/quriousclick/Local Sites/hack-defence/app/public/wp-includes/template.php(718): load_template('/Users/quriousc...', true, Array)
#10 /Users/quriousclick/Local Sites/hack-defence/app/public/wp-includes/general-template.php(48): locate_template(Array, true, true, Array)
#11 /Users/quriousclick/Local Sites/hack-defence/app/public/wp-content/themes/hack-defence-theme/index.php(2): get_header()
#12 /Users/quriousclick/Local Sites/hack-defence/app/public/wp-includes/template-loader.php(106): include('/Users/quriousc...')
#13 /Users/quriousclick/Local Sites/hack-defence/app/public/wp-blog-header.php(19): require_once('/Users/quriousc...')
#14 /Users/quriousclick/Local Sites/hack-defence/app/public/index.php(17): require('/Users/quriousc...')
#15 {main}
  thrown in /Users/quriousclick/Local Sites/hack-defence/app/public/wp-includes/class-wp-hook.php on line 308
[17-Jul-2023 07:49:47 UTC] PHP Fatal error:  Uncaught TypeError: call_user_func_array(): Argument #1 ($callback) must be a valid callback, function "hack_defence_files" not found or invalid function name in /Users/quriousclick/Local Sites/hack-defence/app/public/wp-includes/class-wp-hook.php:308
Stack trace:
#0 /Users/quriousclick/Local Sites/hack-defence/app/public/wp-includes/class-wp-hook.php(332): WP_Hook->apply_filters(NULL, Array)
#1 /Users/quriousclick/Local Sites/hack-defence/app/public/wp-includes/plugin.php(517): WP_Hook->do_action(Array)
#2 /Users/quriousclick/Local Sites/hack-defence/app/public/wp-includes/script-loader.php(2194): do_action('wp_enqueue_scri...')
#3 /Users/quriousclick/Local Sites/hack-defence/app/public/wp-includes/class-wp-hook.php(308): wp_enqueue_scripts('')
#4 /Users/quriousclick/Local Sites/hack-defence/app/public/wp-includes/class-wp-hook.php(332): WP_Hook->apply_filters(NULL, Array)
#5 /Users/quriousclick/Local Sites/hack-defence/app/public/wp-includes/plugin.php(517): WP_Hook->do_action(Array)
#6 /Users/quriousclick/Local Sites/hack-defence/app/public/wp-includes/general-template.php(3049): do_action('wp_head')
#7 /Users/quriousclick/Local Sites/hack-defence/app/public/wp-content/themes/hack-defence-theme/header.php(5): wp_head()
#8 /Users/quriousclick/Local Sites/hack-defence/app/public/wp-includes/template.php(783): require_once('/Users/quriousc...')
#9 /Users/quriousclick/Local Sites/hack-defence/app/public/wp-includes/template.php(718): load_template('/Users/quriousc...', true, Array)
#10 /Users/quriousclick/Local Sites/hack-defence/app/public/wp-includes/general-template.php(48): locate_template(Array, true, true, Array)
#11 /Users/quriousclick/Local Sites/hack-defence/app/public/wp-content/themes/hack-defence-theme/index.php(2): get_header()
#12 /Users/quriousclick/Local Sites/hack-defence/app/public/wp-includes/template-loader.php(106): include('/Users/quriousc...')
#13 /Users/quriousclick/Local Sites/hack-defence/app/public/wp-blog-header.php(19): require_once('/Users/quriousc...')
#14 /Users/quriousclick/Local Sites/hack-defence/app/public/index.php(17): require('/Users/quriousc...')
#15 {main}
  thrown in /Users/quriousclick/Local Sites/hack-defence/app/public/wp-includes/class-wp-hook.php on line 308
[17-Jul-2023 07:49:47 UTC] PHP Fatal error:  Uncaught TypeError: call_user_func_array(): Argument #1 ($callback) must be a valid callback, function "hack_defence_files" not found or invalid function name in /Users/quriousclick/Local Sites/hack-defence/app/public/wp-includes/class-wp-hook.php:308
Stack trace:
#0 /Users/quriousclick/Local Sites/hack-defence/app/public/wp-includes/class-wp-hook.php(332): WP_Hook->apply_filters(NULL, Array)
#1 /Users/quriousclick/Local Sites/hack-defence/app/public/wp-includes/plugin.php(517): WP_Hook->do_action(Array)
#2 /Users/quriousclick/Local Sites/hack-defence/app/public/wp-includes/script-loader.php(2194): do_action('wp_enqueue_scri...')
#3 /Users/quriousclick/Local Sites/hack-defence/app/public/wp-includes/class-wp-hook.php(308): wp_enqueue_scripts('')
#4 /Users/quriousclick/Local Sites/hack-defence/app/public/wp-includes/class-wp-hook.php(332): WP_Hook->apply_filters(NULL, Array)
#5 /Users/quriousclick/Local Sites/hack-defence/app/public/wp-includes/plugin.php(517): WP_Hook->do_action(Array)
#6 /Users/quriousclick/Local Sites/hack-defence/app/public/wp-includes/general-template.php(3049): do_action('wp_head')
#7 /Users/quriousclick/Local Sites/hack-defence/app/public/wp-content/themes/hack-defence-theme/header.php(5): wp_head()
#8 /Users/quriousclick/Local Sites/hack-defence/app/public/wp-includes/template.php(783): require_once('/Users/quriousc...')
#9 /Users/quriousclick/Local Sites/hack-defence/app/public/wp-includes/template.php(718): load_template('/Users/quriousc...', true, Array)
#10 /Users/quriousclick/Local Sites/hack-defence/app/public/wp-includes/general-template.php(48): locate_template(Array, true, true, Array)
#11 /Users/quriousclick/Local Sites/hack-defence/app/public/wp-content/themes/hack-defence-theme/index.php(2): get_header()
#12 /Users/quriousclick/Local Sites/hack-defence/app/public/wp-includes/template-loader.php(106): include('/Users/quriousc...')
#13 /Users/quriousclick/Local Sites/hack-defence/app/public/wp-blog-header.php(19): require_once('/Users/quriousc...')
#14 /Users/quriousclick/Local Sites/hack-defence/app/public/index.php(17): require('/Users/quriousc...')
#15 {main}
  thrown in /Users/quriousclick/Local Sites/hack-defence/app/public/wp-includes/class-wp-hook.php on line 308
[17-Jul-2023 07:50:12 UTC] PHP Fatal error:  Uncaught TypeError: call_user_func_array(): Argument #1 ($callback) must be a valid callback, function "hack_defence_files" not found or invalid function name in /Users/quriousclick/Local Sites/hack-defence/app/public/wp-includes/class-wp-hook.php:308
Stack trace:
#0 /Users/quriousclick/Local Sites/hack-defence/app/public/wp-includes/class-wp-hook.php(332): WP_Hook->apply_filters(NULL, Array)
#1 /Users/quriousclick/Local Sites/hack-defence/app/public/wp-includes/plugin.php(517): WP_Hook->do_action(Array)
#2 /Users/quriousclick/Local Sites/hack-defence/app/public/wp-includes/script-loader.php(2194): do_action('wp_enqueue_scri...')
#3 /Users/quriousclick/Local Sites/hack-defence/app/public/wp-includes/class-wp-hook.php(308): wp_enqueue_scripts('')
#4 /Users/quriousclick/Local Sites/hack-defence/app/public/wp-includes/class-wp-hook.php(332): WP_Hook->apply_filters(NULL, Array)
#5 /Users/quriousclick/Local Sites/hack-defence/app/public/wp-includes/plugin.php(517): WP_Hook->do_action(Array)
#6 /Users/quriousclick/Local Sites/hack-defence/app/public/wp-includes/general-template.php(3049): do_action('wp_head')
#7 /Users/quriousclick/Local Sites/hack-defence/app/public/wp-content/themes/hack-defence-theme/header.php(5): wp_head()
#8 /Users/quriousclick/Local Sites/hack-defence/app/public/wp-includes/template.php(783): require_once('/Users/quriousc...')
#9 /Users/quriousclick/Local Sites/hack-defence/app/public/wp-includes/template.php(718): load_template('/Users/quriousc...', true, Array)
#10 /Users/quriousclick/Local Sites/hack-defence/app/public/wp-includes/general-template.php(48): locate_template(Array, true, true, Array)
#11 /Users/quriousclick/Local Sites/hack-defence/app/public/wp-content/themes/hack-defence-theme/index.php(2): get_header()
#12 /Users/quriousclick/Local Sites/hack-defence/app/public/wp-includes/template-loader.php(106): include('/Users/quriousc...')
#13 /Users/quriousclick/Local Sites/hack-defence/app/public/wp-blog-header.php(19): require_once('/Users/quriousc...')
#14 /Users/quriousclick/Local Sites/hack-defence/app/public/index.php(17): require('/Users/quriousc...')
#15 {main}
  thrown in /Users/quriousclick/Local Sites/hack-defence/app/public/wp-includes/class-wp-hook.php on line 308
[17-Jul-2023 07:50:13 UTC] PHP Fatal error:  Uncaught TypeError: call_user_func_array(): Argument #1 ($callback) must be a valid callback, function "hack_defence_files" not found or invalid function name in /Users/quriousclick/Local Sites/hack-defence/app/public/wp-includes/class-wp-hook.php:308
Stack trace:
#0 /Users/quriousclick/Local Sites/hack-defence/app/public/wp-includes/class-wp-hook.php(332): WP_Hook->apply_filters(NULL, Array)
#1 /Users/quriousclick/Local Sites/hack-defence/app/public/wp-includes/plugin.php(517): WP_Hook->do_action(Array)
#2 /Users/quriousclick/Local Sites/hack-defence/app/public/wp-includes/script-loader.php(2194): do_action('wp_enqueue_scri...')
#3 /Users/quriousclick/Local Sites/hack-defence/app/public/wp-includes/class-wp-hook.php(308): wp_enqueue_scripts('')
#4 /Users/quriousclick/Local Sites/hack-defence/app/public/wp-includes/class-wp-hook.php(332): WP_Hook->apply_filters(NULL, Array)
#5 /Users/quriousclick/Local Sites/hack-defence/app/public/wp-includes/plugin.php(517): WP_Hook->do_action(Array)
#6 /Users/quriousclick/Local Sites/hack-defence/app/public/wp-includes/general-template.php(3049): do_action('wp_head')
#7 /Users/quriousclick/Local Sites/hack-defence/app/public/wp-content/themes/hack-defence-theme/header.php(5): wp_head()
#8 /Users/quriousclick/Local Sites/hack-defence/app/public/wp-includes/template.php(783): require_once('/Users/quriousc...')
#9 /Users/quriousclick/Local Sites/hack-defence/app/public/wp-includes/template.php(718): load_template('/Users/quriousc...', true, Array)
#10 /Users/quriousclick/Local Sites/hack-defence/app/public/wp-includes/general-template.php(48): locate_template(Array, true, true, Array)
#11 /Users/quriousclick/Local Sites/hack-defence/app/public/wp-content/themes/hack-defence-theme/index.php(2): get_header()
#12 /Users/quriousclick/Local Sites/hack-defence/app/public/wp-includes/template-loader.php(106): include('/Users/quriousc...')
#13 /Users/quriousclick/Local Sites/hack-defence/app/public/wp-blog-header.php(19): require_once('/Users/quriousc...')
#14 /Users/quriousclick/Local Sites/hack-defence/app/public/index.php(17): require('/Users/quriousc...')
#15 {main}
  thrown in /Users/quriousclick/Local Sites/hack-defence/app/public/wp-includes/class-wp-hook.php on line 308
[17-Jul-2023 07:50:13 UTC] PHP Fatal error:  Uncaught TypeError: call_user_func_array(): Argument #1 ($callback) must be a valid callback, function "hack_defence_files" not found or invalid function name in /Users/quriousclick/Local Sites/hack-defence/app/public/wp-includes/class-wp-hook.php:308
Stack trace:
#0 /Users/quriousclick/Local Sites/hack-defence/app/public/wp-includes/class-wp-hook.php(332): WP_Hook->apply_filters(NULL, Array)
#1 /Users/quriousclick/Local Sites/hack-defence/app/public/wp-includes/plugin.php(517): WP_Hook->do_action(Array)
#2 /Users/quriousclick/Local Sites/hack-defence/app/public/wp-includes/script-loader.php(2194): do_action('wp_enqueue_scri...')
#3 /Users/quriousclick/Local Sites/hack-defence/app/public/wp-includes/class-wp-hook.php(308): wp_enqueue_scripts('')
#4 /Users/quriousclick/Local Sites/hack-defence/app/public/wp-includes/class-wp-hook.php(332): WP_Hook->apply_filters(NULL, Array)
#5 /Users/quriousclick/Local Sites/hack-defence/app/public/wp-includes/plugin.php(517): WP_Hook->do_action(Array)
#6 /Users/quriousclick/Local Sites/hack-defence/app/public/wp-includes/general-template.php(3049): do_action('wp_head')
#7 /Users/quriousclick/Local Sites/hack-defence/app/public/wp-content/themes/hack-defence-theme/header.php(5): wp_head()
#8 /Users/quriousclick/Local Sites/hack-defence/app/public/wp-includes/template.php(783): require_once('/Users/quriousc...')
#9 /Users/quriousclick/Local Sites/hack-defence/app/public/wp-includes/template.php(718): load_template('/Users/quriousc...', true, Array)
#10 /Users/quriousclick/Local Sites/hack-defence/app/public/wp-includes/general-template.php(48): locate_template(Array, true, true, Array)
#11 /Users/quriousclick/Local Sites/hack-defence/app/public/wp-content/themes/hack-defence-theme/index.php(2): get_header()
#12 /Users/quriousclick/Local Sites/hack-defence/app/public/wp-includes/template-loader.php(106): include('/Users/quriousc...')
#13 /Users/quriousclick/Local Sites/hack-defence/app/public/wp-blog-header.php(19): require_once('/Users/quriousc...')
#14 /Users/quriousclick/Local Sites/hack-defence/app/public/index.php(17): require('/Users/quriousc...')
#15 {main}
  thrown in /Users/quriousclick/Local Sites/hack-defence/app/public/wp-includes/class-wp-hook.php on line 308
[17-Jul-2023 07:50:13 UTC] PHP Fatal error:  Uncaught TypeError: call_user_func_array(): Argument #1 ($callback) must be a valid callback, function "hack_defence_files" not found or invalid function name in /Users/quriousclick/Local Sites/hack-defence/app/public/wp-includes/class-wp-hook.php:308
Stack trace:
#0 /Users/quriousclick/Local Sites/hack-defence/app/public/wp-includes/class-wp-hook.php(332): WP_Hook->apply_filters(NULL, Array)
#1 /Users/quriousclick/Local Sites/hack-defence/app/public/wp-includes/plugin.php(517): WP_Hook->do_action(Array)
#2 /Users/quriousclick/Local Sites/hack-defence/app/public/wp-includes/script-loader.php(2194): do_action('wp_enqueue_scri...')
#3 /Users/quriousclick/Local Sites/hack-defence/app/public/wp-includes/class-wp-hook.php(308): wp_enqueue_scripts('')
#4 /Users/quriousclick/Local Sites/hack-defence/app/public/wp-includes/class-wp-hook.php(332): WP_Hook->apply_filters(NULL, Array)
#5 /Users/quriousclick/Local Sites/hack-defence/app/public/wp-includes/plugin.php(517): WP_Hook->do_action(Array)
#6 /Users/quriousclick/Local Sites/hack-defence/app/public/wp-includes/general-template.php(3049): do_action('wp_head')
#7 /Users/quriousclick/Local Sites/hack-defence/app/public/wp-content/themes/hack-defence-theme/header.php(5): wp_head()
#8 /Users/quriousclick/Local Sites/hack-defence/app/public/wp-includes/template.php(783): require_once('/Users/quriousc...')
#9 /Users/quriousclick/Local Sites/hack-defence/app/public/wp-includes/template.php(718): load_template('/Users/quriousc...', true, Array)
#10 /Users/quriousclick/Local Sites/hack-defence/app/public/wp-includes/general-template.php(48): locate_template(Array, true, true, Array)
#11 /Users/quriousclick/Local Sites/hack-defence/app/public/wp-content/themes/hack-defence-theme/index.php(2): get_header()
#12 /Users/quriousclick/Local Sites/hack-defence/app/public/wp-includes/template-loader.php(106): include('/Users/quriousc...')
#13 /Users/quriousclick/Local Sites/hack-defence/app/public/wp-blog-header.php(19): require_once('/Users/quriousc...')
#14 /Users/quriousclick/Local Sites/hack-defence/app/public/index.php(17): require('/Users/quriousc...')
#15 {main}
  thrown in /Users/quriousclick/Local Sites/hack-defence/app/public/wp-includes/class-wp-hook.php on line 308
[17-Jul-2023 07:50:56 UTC] PHP Fatal error:  Uncaught TypeError: call_user_func_array(): Argument #1 ($callback) must be a valid callback, function "hack_defence_files" not found or invalid function name in /Users/quriousclick/Local Sites/hack-defence/app/public/wp-includes/class-wp-hook.php:308
Stack trace:
#0 /Users/quriousclick/Local Sites/hack-defence/app/public/wp-includes/class-wp-hook.php(332): WP_Hook->apply_filters(NULL, Array)
#1 /Users/quriousclick/Local Sites/hack-defence/app/public/wp-includes/plugin.php(517): WP_Hook->do_action(Array)
#2 /Users/quriousclick/Local Sites/hack-defence/app/public/wp-includes/script-loader.php(2194): do_action('wp_enqueue_scri...')
#3 /Users/quriousclick/Local Sites/hack-defence/app/public/wp-includes/class-wp-hook.php(308): wp_enqueue_scripts('')
#4 /Users/quriousclick/Local Sites/hack-defence/app/public/wp-includes/class-wp-hook.php(332): WP_Hook->apply_filters(NULL, Array)
#5 /Users/quriousclick/Local Sites/hack-defence/app/public/wp-includes/plugin.php(517): WP_Hook->do_action(Array)
#6 /Users/quriousclick/Local Sites/hack-defence/app/public/wp-includes/general-template.php(3049): do_action('wp_head')
#7 /Users/quriousclick/Local Sites/hack-defence/app/public/wp-content/themes/hack-defence-theme/header.php(5): wp_head()
#8 /Users/quriousclick/Local Sites/hack-defence/app/public/wp-includes/template.php(783): require_once('/Users/quriousc...')
#9 /Users/quriousclick/Local Sites/hack-defence/app/public/wp-includes/template.php(718): load_template('/Users/quriousc...', true, Array)
#10 /Users/quriousclick/Local Sites/hack-defence/app/public/wp-includes/general-template.php(48): locate_template(Array, true, true, Array)
#11 /Users/quriousclick/Local Sites/hack-defence/app/public/wp-content/themes/hack-defence-theme/index.php(2): get_header()
#12 /Users/quriousclick/Local Sites/hack-defence/app/public/wp-includes/template-loader.php(106): include('/Users/quriousc...')
#13 /Users/quriousclick/Local Sites/hack-defence/app/public/wp-blog-header.php(19): require_once('/Users/quriousc...')
#14 /Users/quriousclick/Local Sites/hack-defence/app/public/index.php(17): require('/Users/quriousc...')
#15 {main}
  thrown in /Users/quriousclick/Local Sites/hack-defence/app/public/wp-includes/class-wp-hook.php on line 308
[17-Jul-2023 07:50:56 UTC] PHP Fatal error:  Uncaught TypeError: call_user_func_array(): Argument #1 ($callback) must be a valid callback, function "hack_defence_files" not found or invalid function name in /Users/quriousclick/Local Sites/hack-defence/app/public/wp-includes/class-wp-hook.php:308
Stack trace:
#0 /Users/quriousclick/Local Sites/hack-defence/app/public/wp-includes/class-wp-hook.php(332): WP_Hook->apply_filters(NULL, Array)
#1 /Users/quriousclick/Local Sites/hack-defence/app/public/wp-includes/plugin.php(517): WP_Hook->do_action(Array)
#2 /Users/quriousclick/Local Sites/hack-defence/app/public/wp-includes/script-loader.php(2194): do_action('wp_enqueue_scri...')
#3 /Users/quriousclick/Local Sites/hack-defence/app/public/wp-includes/class-wp-hook.php(308): wp_enqueue_scripts('')
#4 /Users/quriousclick/Local Sites/hack-defence/app/public/wp-includes/class-wp-hook.php(332): WP_Hook->apply_filters(NULL, Array)
#5 /Users/quriousclick/Local Sites/hack-defence/app/public/wp-includes/plugin.php(517): WP_Hook->do_action(Array)
#6 /Users/quriousclick/Local Sites/hack-defence/app/public/wp-includes/general-template.php(3049): do_action('wp_head')
#7 /Users/quriousclick/Local Sites/hack-defence/app/public/wp-content/themes/hack-defence-theme/header.php(5): wp_head()
#8 /Users/quriousclick/Local Sites/hack-defence/app/public/wp-includes/template.php(783): require_once('/Users/quriousc...')
#9 /Users/quriousclick/Local Sites/hack-defence/app/public/wp-includes/template.php(718): load_template('/Users/quriousc...', true, Array)
#10 /Users/quriousclick/Local Sites/hack-defence/app/public/wp-includes/general-template.php(48): locate_template(Array, true, true, Array)
#11 /Users/quriousclick/Local Sites/hack-defence/app/public/wp-content/themes/hack-defence-theme/index.php(2): get_header()
#12 /Users/quriousclick/Local Sites/hack-defence/app/public/wp-includes/template-loader.php(106): include('/Users/quriousc...')
#13 /Users/quriousclick/Local Sites/hack-defence/app/public/wp-blog-header.php(19): require_once('/Users/quriousc...')
#14 /Users/quriousclick/Local Sites/hack-defence/app/public/index.php(17): require('/Users/quriousc...')
#15 {main}
  thrown in /Users/quriousclick/Local Sites/hack-defence/app/public/wp-includes/class-wp-hook.php on line 308
[17-Jul-2023 07:51:00 UTC] PHP Fatal error:  Uncaught TypeError: call_user_func_array(): Argument #1 ($callback) must be a valid callback, function "hack_defence_files" not found or invalid function name in /Users/quriousclick/Local Sites/hack-defence/app/public/wp-includes/class-wp-hook.php:308
Stack trace:
#0 /Users/quriousclick/Local Sites/hack-defence/app/public/wp-includes/class-wp-hook.php(332): WP_Hook->apply_filters(NULL, Array)
#1 /Users/quriousclick/Local Sites/hack-defence/app/public/wp-includes/plugin.php(517): WP_Hook->do_action(Array)
#2 /Users/quriousclick/Local Sites/hack-defence/app/public/wp-includes/script-loader.php(2194): do_action('wp_enqueue_scri...')
#3 /Users/quriousclick/Local Sites/hack-defence/app/public/wp-includes/class-wp-hook.php(308): wp_enqueue_scripts('')
#4 /Users/quriousclick/Local Sites/hack-defence/app/public/wp-includes/class-wp-hook.php(332): WP_Hook->apply_filters(NULL, Array)
#5 /Users/quriousclick/Local Sites/hack-defence/app/public/wp-includes/plugin.php(517): WP_Hook->do_action(Array)
#6 /Users/quriousclick/Local Sites/hack-defence/app/public/wp-includes/general-template.php(3049): do_action('wp_head')
#7 /Users/quriousclick/Local Sites/hack-defence/app/public/wp-content/themes/hack-defence-theme/header.php(5): wp_head()
#8 /Users/quriousclick/Local Sites/hack-defence/app/public/wp-includes/template.php(783): require_once('/Users/quriousc...')
#9 /Users/quriousclick/Local Sites/hack-defence/app/public/wp-includes/template.php(718): load_template('/Users/quriousc...', true, Array)
#10 /Users/quriousclick/Local Sites/hack-defence/app/public/wp-includes/general-template.php(48): locate_template(Array, true, true, Array)
#11 /Users/quriousclick/Local Sites/hack-defence/app/public/wp-content/themes/hack-defence-theme/single.php(3): get_header()
#12 /Users/quriousclick/Local Sites/hack-defence/app/public/wp-includes/template-loader.php(106): include('/Users/quriousc...')
#13 /Users/quriousclick/Local Sites/hack-defence/app/public/wp-blog-header.php(19): require_once('/Users/quriousc...')
#14 /Users/quriousclick/Local Sites/hack-defence/app/public/index.php(17): require('/Users/quriousc...')
#15 {main}
  thrown in /Users/quriousclick/Local Sites/hack-defence/app/public/wp-includes/class-wp-hook.php on line 308
[17-Jul-2023 07:51:07 UTC] PHP Fatal error:  Uncaught TypeError: call_user_func_array(): Argument #1 ($callback) must be a valid callback, function "hack_defence_files" not found or invalid function name in /Users/quriousclick/Local Sites/hack-defence/app/public/wp-includes/class-wp-hook.php:308
Stack trace:
#0 /Users/quriousclick/Local Sites/hack-defence/app/public/wp-includes/class-wp-hook.php(332): WP_Hook->apply_filters(NULL, Array)
#1 /Users/quriousclick/Local Sites/hack-defence/app/public/wp-includes/plugin.php(517): WP_Hook->do_action(Array)
#2 /Users/quriousclick/Local Sites/hack-defence/app/public/wp-includes/script-loader.php(2194): do_action('wp_enqueue_scri...')
#3 /Users/quriousclick/Local Sites/hack-defence/app/public/wp-includes/class-wp-hook.php(308): wp_enqueue_scripts('')
#4 /Users/quriousclick/Local Sites/hack-defence/app/public/wp-includes/class-wp-hook.php(332): WP_Hook->apply_filters(NULL, Array)
#5 /Users/quriousclick/Local Sites/hack-defence/app/public/wp-includes/plugin.php(517): WP_Hook->do_action(Array)
#6 /Users/quriousclick/Local Sites/hack-defence/app/public/wp-includes/general-template.php(3049): do_action('wp_head')
#7 /Users/quriousclick/Local Sites/hack-defence/app/public/wp-content/themes/hack-defence-theme/header.php(5): wp_head()
#8 /Users/quriousclick/Local Sites/hack-defence/app/public/wp-includes/template.php(783): require_once('/Users/quriousc...')
#9 /Users/quriousclick/Local Sites/hack-defence/app/public/wp-includes/template.php(718): load_template('/Users/quriousc...', true, Array)
#10 /Users/quriousclick/Local Sites/hack-defence/app/public/wp-includes/general-template.php(48): locate_template(Array, true, true, Array)
#11 /Users/quriousclick/Local Sites/hack-defence/app/public/wp-content/themes/hack-defence-theme/page.php(3): get_header()
#12 /Users/quriousclick/Local Sites/hack-defence/app/public/wp-includes/template-loader.php(106): include('/Users/quriousc...')
#13 /Users/quriousclick/Local Sites/hack-defence/app/public/wp-blog-header.php(19): require_once('/Users/quriousc...')
#14 /Users/quriousclick/Local Sites/hack-defence/app/public/index.php(17): require('/Users/quriousc...')
#15 {main}
  thrown in /Users/quriousclick/Local Sites/hack-defence/app/public/wp-includes/class-wp-hook.php on line 308
[17-Jul-2023 07:52:28 UTC] PHP Fatal error:  Uncaught TypeError: call_user_func_array(): Argument #1 ($callback) must be a valid callback, function "hack_defence_files" not found or invalid function name in /Users/quriousclick/Local Sites/hack-defence/app/public/wp-includes/class-wp-hook.php:308
Stack trace:
#0 /Users/quriousclick/Local Sites/hack-defence/app/public/wp-includes/class-wp-hook.php(332): WP_Hook->apply_filters(NULL, Array)
#1 /Users/quriousclick/Local Sites/hack-defence/app/public/wp-includes/plugin.php(517): WP_Hook->do_action(Array)
#2 /Users/quriousclick/Local Sites/hack-defence/app/public/wp-includes/script-loader.php(2194): do_action('wp_enqueue_scri...')
#3 /Users/quriousclick/Local Sites/hack-defence/app/public/wp-includes/class-wp-hook.php(308): wp_enqueue_scripts('')
#4 /Users/quriousclick/Local Sites/hack-defence/app/public/wp-includes/class-wp-hook.php(332): WP_Hook->apply_filters(NULL, Array)
#5 /Users/quriousclick/Local Sites/hack-defence/app/public/wp-includes/plugin.php(517): WP_Hook->do_action(Array)
#6 /Users/quriousclick/Local Sites/hack-defence/app/public/wp-includes/general-template.php(3049): do_action('wp_head')
#7 /Users/quriousclick/Local Sites/hack-defence/app/public/wp-content/themes/hack-defence-theme/header.php(5): wp_head()
#8 /Users/quriousclick/Local Sites/hack-defence/app/public/wp-includes/template.php(783): require_once('/Users/quriousc...')
#9 /Users/quriousclick/Local Sites/hack-defence/app/public/wp-includes/template.php(718): load_template('/Users/quriousc...', true, Array)
#10 /Users/quriousclick/Local Sites/hack-defence/app/public/wp-includes/general-template.php(48): locate_template(Array, true, true, Array)
#11 /Users/quriousclick/Local Sites/hack-defence/app/public/wp-content/themes/hack-defence-theme/page.php(3): get_header()
#12 /Users/quriousclick/Local Sites/hack-defence/app/public/wp-includes/template-loader.php(106): include('/Users/quriousc...')
#13 /Users/quriousclick/Local Sites/hack-defence/app/public/wp-blog-header.php(19): require_once('/Users/quriousc...')
#14 /Users/quriousclick/Local Sites/hack-defence/app/public/index.php(17): require('/Users/quriousc...')
#15 {main}
  thrown in /Users/quriousclick/Local Sites/hack-defence/app/public/wp-includes/class-wp-hook.php on line 308
[17-Jul-2023 07:52:29 UTC] PHP Fatal error:  Uncaught TypeError: call_user_func_array(): Argument #1 ($callback) must be a valid callback, function "hack_defence_files" not found or invalid function name in /Users/quriousclick/Local Sites/hack-defence/app/public/wp-includes/class-wp-hook.php:308
Stack trace:
#0 /Users/quriousclick/Local Sites/hack-defence/app/public/wp-includes/class-wp-hook.php(332): WP_Hook->apply_filters(NULL, Array)
#1 /Users/quriousclick/Local Sites/hack-defence/app/public/wp-includes/plugin.php(517): WP_Hook->do_action(Array)
#2 /Users/quriousclick/Local Sites/hack-defence/app/public/wp-includes/script-loader.php(2194): do_action('wp_enqueue_scri...')
#3 /Users/quriousclick/Local Sites/hack-defence/app/public/wp-includes/class-wp-hook.php(308): wp_enqueue_scripts('')
#4 /Users/quriousclick/Local Sites/hack-defence/app/public/wp-includes/class-wp-hook.php(332): WP_Hook->apply_filters(NULL, Array)
#5 /Users/quriousclick/Local Sites/hack-defence/app/public/wp-includes/plugin.php(517): WP_Hook->do_action(Array)
#6 /Users/quriousclick/Local Sites/hack-defence/app/public/wp-includes/general-template.php(3049): do_action('wp_head')
#7 /Users/quriousclick/Local Sites/hack-defence/app/public/wp-content/themes/hack-defence-theme/header.php(5): wp_head()
#8 /Users/quriousclick/Local Sites/hack-defence/app/public/wp-includes/template.php(783): require_once('/Users/quriousc...')
#9 /Users/quriousclick/Local Sites/hack-defence/app/public/wp-includes/template.php(718): load_template('/Users/quriousc...', true, Array)
#10 /Users/quriousclick/Local Sites/hack-defence/app/public/wp-includes/general-template.php(48): locate_template(Array, true, true, Array)
#11 /Users/quriousclick/Local Sites/hack-defence/app/public/wp-content/themes/hack-defence-theme/page.php(3): get_header()
#12 /Users/quriousclick/Local Sites/hack-defence/app/public/wp-includes/template-loader.php(106): include('/Users/quriousc...')
#13 /Users/quriousclick/Local Sites/hack-defence/app/public/wp-blog-header.php(19): require_once('/Users/quriousc...')
#14 /Users/quriousclick/Local Sites/hack-defence/app/public/index.php(17): require('/Users/quriousc...')
#15 {main}
  thrown in /Users/quriousclick/Local Sites/hack-defence/app/public/wp-includes/class-wp-hook.php on line 308
[17-Jul-2023 10:15:00 UTC] PHP Fatal error:  Uncaught Error: Call to undefined function page_title() in /Users/quriousclick/Local Sites/hack-defence/app/public/wp-content/themes/hack-defence-theme/page.php:11
Stack trace:
#0 /Users/quriousclick/Local Sites/hack-defence/app/public/wp-includes/template-loader.php(106): include()
#1 /Users/quriousclick/Local Sites/hack-defence/app/public/wp-blog-header.php(19): require_once('/Users/quriousc...')
#2 /Users/quriousclick/Local Sites/hack-defence/app/public/index.php(17): require('/Users/quriousc...')
#3 {main}
  thrown in /Users/quriousclick/Local Sites/hack-defence/app/public/wp-content/themes/hack-defence-theme/page.php on line 11
[17-Jul-2023 12:23:38 UTC] PHP Fatal error:  Uncaught Error: Undefined constant "child_of" in /Users/quriousclick/Local Sites/hack-defence/app/public/wp-content/themes/hack-defence-theme/page.php:47
Stack trace:
#0 /Users/quriousclick/Local Sites/hack-defence/app/public/wp-includes/template-loader.php(106): include()
#1 /Users/quriousclick/Local Sites/hack-defence/app/public/wp-blog-header.php(19): require_once('/Users/quriousc...')
#2 /Users/quriousclick/Local Sites/hack-defence/app/public/index.php(17): require('/Users/quriousc...')
#3 {main}
  thrown in /Users/quriousclick/Local Sites/hack-defence/app/public/wp-content/themes/hack-defence-theme/page.php on line 47
[17-Jul-2023 13:06:14 UTC] PHP Fatal error:  Uncaught ArgumentCountError: Too few arguments to function register_nav_menu(), 0 passed in /Users/quriousclick/Local Sites/hack-defence/app/public/wp-content/themes/hack-defence-theme/functions.php on line 17 and exactly 2 expected in /Users/quriousclick/Local Sites/hack-defence/app/public/wp-includes/nav-menu.php:136
Stack trace:
#0 /Users/quriousclick/Local Sites/hack-defence/app/public/wp-content/themes/hack-defence-theme/functions.php(17): register_nav_menu()
#1 /Users/quriousclick/Local Sites/hack-defence/app/public/wp-includes/class-wp-hook.php(308): hack_defecen_features('')
#2 /Users/quriousclick/Local Sites/hack-defence/app/public/wp-includes/class-wp-hook.php(332): WP_Hook->apply_filters(NULL, Array)
#3 /Users/quriousclick/Local Sites/hack-defence/app/public/wp-includes/plugin.php(517): WP_Hook->do_action(Array)
#4 /Users/quriousclick/Local Sites/hack-defence/app/public/wp-settings.php(601): do_action('after_setup_the...')
#5 /Users/quriousclick/Local Sites/hack-defence/app/public/wp-config.php(103): require_once('/Users/quriousc...')
#6 /Users/quriousclick/Local Sites/hack-defence/app/public/wp-load.php(50): require_once('/Users/quriousc...')
#7 /Users/quriousclick/Local Sites/hack-defence/app/public/wp-admin/admin-ajax.php(22): require_once('/Users/quriousc...')
#8 {main}
  thrown in /Users/quriousclick/Local Sites/hack-defence/app/public/wp-includes/nav-menu.php on line 136
